Sat Apr 25 19:48:09 EEST 2026 Thread[#3,main,5,main] Cleanup action starting
java.sql.SQLException: Failed to start database './pharmacyDB' with class loader jdk.internal.loader.ClassLoaders$AppClassLoader@341d43cd, see the next exception for details.
	at org.apache.derby.impl.jdbc.SQLExceptionFactory.getSQLException(SQLExceptionFactory.java:115)
	at org.apache.derby.impl.jdbc.SQLExceptionFactory.getSQLException(SQLExceptionFactory.java:141)
	at org.apache.derby.impl.jdbc.Util.seeNextException(Util.java:252)
	at org.apache.derby.impl.jdbc.EmbedConnection.bootDatabase(EmbedConnection.java:2848)
	at org.apache.derby.impl.jdbc.EmbedConnection.<init>(EmbedConnection.java:406)
	at org.apache.derby.iapi.jdbc.InternalDriver.getNewEmbedConnection(InternalDriver.java:629)
	at org.apache.derby.iapi.jdbc.InternalDriver.connect(InternalDriver.java:295)
	at org.apache.derby.iapi.jdbc.InternalDriver.connect(InternalDriver.java:921)
	at org.apache.derby.iapi.jdbc.AutoloadedDriver.connect(AutoloadedDriver.java:132)
	at java.sql/java.sql.DriverManager.getConnection(DriverManager.java:613)
	at java.sql/java.sql.DriverManager.getConnection(DriverManager.java:160)
	at org.apache.derby.impl.tools.ij.ij.dynamicConnection(ij.java:1508)
	at org.apache.derby.impl.tools.ij.ij.ConnectStatement(ij.java:1338)
	at org.apache.derby.impl.tools.ij.ij.ijStatement(ij.java:1119)
	at org.apache.derby.impl.tools.ij.utilMain.runScriptGuts(utilMain.java:353)
	at org.apache.derby.impl.tools.ij.utilMain.go(utilMain.java:251)
	at org.apache.derby.impl.tools.ij.Main.go(Main.java:214)
	at org.apache.derby.impl.tools.ij.Main.mainCore(Main.java:169)
	at org.apache.derby.impl.tools.ij.Main.main(Main.java:71)
	at org.apache.derby.tools.ij.main(ij.java:59)
Caused by: ERROR XJ040: Failed to start database './pharmacyDB' with class loader jdk.internal.loader.ClassLoaders$AppClassLoader@341d43cd, see the next exception for details.
	at org.apache.derby.shared.common.error.StandardException.newException(StandardException.java:299)
	at org.apache.derby.impl.jdbc.SQLExceptionFactory.wrapArgsForTransportAcrossDRDA(SQLExceptionFactory.java:170)
	at org.apache.derby.impl.jdbc.SQLExceptionFactory.getSQLException(SQLExceptionFactory.java:75)
	... 19 more
Caused by: ERROR XSDB6: Another instance of Derby may have already booted the database /home/youssefvdel/Projects/PharmacyDeliverySystem/pharmacyDB.
	at org.apache.derby.shared.common.error.StandardException.newException(StandardException.java:299)
	at org.apache.derby.shared.common.error.StandardException.newException(StandardException.java:294)
	at org.apache.derby.impl.store.raw.data.BaseDataFileFactory.privGetJBMSLockOnDB(BaseDataFileFactory.java:2075)
	at org.apache.derby.impl.store.raw.data.BaseDataFileFactory.run(BaseDataFileFactory.java:2900)
	at org.apache.derby.impl.store.raw.data.BaseDataFileFactory.getJBMSLockOnDB(BaseDataFileFactory.java:1883)
	at org.apache.derby.impl.store.raw.data.BaseDataFileFactory.boot(BaseDataFileFactory.java:339)
	at org.apache.derby.impl.services.monitor.BaseMonitor.boot(BaseMonitor.java:1990)
	at org.apache.derby.impl.services.monitor.TopService.bootModule(TopService.java:334)
	at org.apache.derby.impl.services.monitor.BaseMonitor.startModule(BaseMonitor.java:527)
	at org.apache.derby.impl.services.monitor.FileMonitor.startModule(FileMonitor.java:45)
	at org.apache.derby.iapi.services.monitor.Monitor.bootServiceModule(Monitor.java:460)
	at org.apache.derby.impl.store.raw.RawStore.bootServiceModule(RawStore.java:2885)
	at org.apache.derby.impl.store.raw.RawStore.boot(RawStore.java:187)
	at org.apache.derby.impl.services.monitor.BaseMonitor.boot(BaseMonitor.java:1990)
	at org.apache.derby.impl.services.monitor.TopService.bootModule(TopService.java:334)
	at org.apache.derby.impl.services.monitor.BaseMonitor.startModule(BaseMonitor.java:527)
	at org.apache.derby.impl.services.monitor.FileMonitor.startModule(FileMonitor.java:45)
	at org.apache.derby.iapi.services.monitor.Monitor.bootServiceModule(Monitor.java:460)
	at org.apache.derby.impl.store.access.RAMAccessManager.bootServiceModule(RAMAccessManager.java:1332)
	at org.apache.derby.impl.store.access.RAMAccessManager.boot(RAMAccessManager.java:1035)
	at org.apache.derby.impl.services.monitor.BaseMonitor.boot(BaseMonitor.java:1990)
	at org.apache.derby.impl.services.monitor.TopService.bootModule(TopService.java:334)
	at org.apache.derby.impl.services.monitor.BaseMonitor.startModule(BaseMonitor.java:527)
	at org.apache.derby.impl.services.monitor.FileMonitor.startModule(FileMonitor.java:45)
	at org.apache.derby.iapi.services.monitor.Monitor.bootServiceModule(Monitor.java:460)
	at org.apache.derby.impl.db.BasicDatabase.bootServiceModule(BasicDatabase.java:945)
	at org.apache.derby.impl.db.BasicDatabase.bootStore(BasicDatabase.java:773)
	at org.apache.derby.impl.db.BasicDatabase.boot(BasicDatabase.java:182)
	at org.apache.derby.impl.services.monitor.BaseMonitor.boot(BaseMonitor.java:1990)
	at org.apache.derby.impl.services.monitor.TopService.bootModule(TopService.java:334)
	at org.apache.derby.impl.services.monitor.BaseMonitor.bootService(BaseMonitor.java:1818)
	at org.apache.derby.impl.services.monitor.BaseMonitor.startProviderService(BaseMonitor.java:1683)
	at org.apache.derby.impl.services.monitor.BaseMonitor.findProviderAndStartService(BaseMonitor.java:1567)
	at org.apache.derby.impl.services.monitor.BaseMonitor.startPersistentService(BaseMonitor.java:988)
	at org.apache.derby.iapi.services.monitor.Monitor.startPersistentService(Monitor.java:598)
	at org.apache.derby.impl.jdbc.EmbedConnection.startPersistentService(EmbedConnection.java:3994)
	at org.apache.derby.impl.jdbc.EmbedConnection.bootDatabase(EmbedConnection.java:2809)
	... 16 more
============= begin nested exception, level (1) ===========
java.sql.SQLException: Another instance of Derby may have already booted the database /home/youssefvdel/Projects/PharmacyDeliverySystem/pharmacyDB.
	at org.apache.derby.impl.jdbc.SQLExceptionFactory.getSQLException(SQLExceptionFactory.java:115)
	at org.apache.derby.impl.jdbc.Util.generateCsSQLException(Util.java:230)
	at org.apache.derby.impl.jdbc.EmbedConnection.bootDatabase(EmbedConnection.java:2846)
	at org.apache.derby.impl.jdbc.EmbedConnection.<init>(EmbedConnection.java:406)
	at org.apache.derby.iapi.jdbc.InternalDriver.getNewEmbedConnection(InternalDriver.java:629)
	at org.apache.derby.iapi.jdbc.InternalDriver.connect(InternalDriver.java:295)
	at org.apache.derby.iapi.jdbc.InternalDriver.connect(InternalDriver.java:921)
	at org.apache.derby.iapi.jdbc.AutoloadedDriver.connect(AutoloadedDriver.java:132)
	at java.sql/java.sql.DriverManager.getConnection(DriverManager.java:613)
	at java.sql/java.sql.DriverManager.getConnection(DriverManager.java:160)
	at org.apache.derby.impl.tools.ij.ij.dynamicConnection(ij.java:1508)
	at org.apache.derby.impl.tools.ij.ij.ConnectStatement(ij.java:1338)
	at org.apache.derby.impl.tools.ij.ij.ijStatement(ij.java:1119)
	at org.apache.derby.impl.tools.ij.utilMain.runScriptGuts(utilMain.java:353)
	at org.apache.derby.impl.tools.ij.utilMain.go(utilMain.java:251)
	at org.apache.derby.impl.tools.ij.Main.go(Main.java:214)
	at org.apache.derby.impl.tools.ij.Main.mainCore(Main.java:169)
	at org.apache.derby.impl.tools.ij.Main.main(Main.java:71)
	at org.apache.derby.tools.ij.main(ij.java:59)
Caused by: ERROR XSDB6: Another instance of Derby may have already booted the database /home/youssefvdel/Projects/PharmacyDeliverySystem/pharmacyDB.
	at org.apache.derby.shared.common.error.StandardException.newException(StandardException.java:299)
	at org.apache.derby.shared.common.error.StandardException.newException(StandardException.java:294)
	at org.apache.derby.impl.store.raw.data.BaseDataFileFactory.privGetJBMSLockOnDB(BaseDataFileFactory.java:2075)
	at org.apache.derby.impl.store.raw.data.BaseDataFileFactory.run(BaseDataFileFactory.java:2900)
	at org.apache.derby.impl.store.raw.data.BaseDataFileFactory.getJBMSLockOnDB(BaseDataFileFactory.java:1883)
	at org.apache.derby.impl.store.raw.data.BaseDataFileFactory.boot(BaseDataFileFactory.java:339)
	at org.apache.derby.impl.services.monitor.BaseMonitor.boot(BaseMonitor.java:1990)
	at org.apache.derby.impl.services.monitor.TopService.bootModule(TopService.java:334)
	at org.apache.derby.impl.services.monitor.BaseMonitor.startModule(BaseMonitor.java:527)
	at org.apache.derby.impl.services.monitor.FileMonitor.startModule(FileMonitor.java:45)
	at org.apache.derby.iapi.services.monitor.Monitor.bootServiceModule(Monitor.java:460)
	at org.apache.derby.impl.store.raw.RawStore.bootServiceModule(RawStore.java:2885)
	at org.apache.derby.impl.store.raw.RawStore.boot(RawStore.java:187)
	at org.apache.derby.impl.services.monitor.BaseMonitor.boot(BaseMonitor.java:1990)
	at org.apache.derby.impl.services.monitor.TopService.bootModule(TopService.java:334)
	at org.apache.derby.impl.services.monitor.BaseMonitor.startModule(BaseMonitor.java:527)
	at org.apache.derby.impl.services.monitor.FileMonitor.startModule(FileMonitor.java:45)
	at org.apache.derby.iapi.services.monitor.Monitor.bootServiceModule(Monitor.java:460)
	at org.apache.derby.impl.store.access.RAMAccessManager.bootServiceModule(RAMAccessManager.java:1332)
	at org.apache.derby.impl.store.access.RAMAccessManager.boot(RAMAccessManager.java:1035)
	at org.apache.derby.impl.services.monitor.BaseMonitor.boot(BaseMonitor.java:1990)
	at org.apache.derby.impl.services.monitor.TopService.bootModule(TopService.java:334)
	at org.apache.derby.impl.services.monitor.BaseMonitor.startModule(BaseMonitor.java:527)
	at org.apache.derby.impl.services.monitor.FileMonitor.startModule(FileMonitor.java:45)
	at org.apache.derby.iapi.services.monitor.Monitor.bootServiceModule(Monitor.java:460)
	at org.apache.derby.impl.db.BasicDatabase.bootServiceModule(BasicDatabase.java:945)
	at org.apache.derby.impl.db.BasicDatabase.bootStore(BasicDatabase.java:773)
	at org.apache.derby.impl.db.BasicDatabase.boot(BasicDatabase.java:182)
	at org.apache.derby.impl.services.monitor.BaseMonitor.boot(BaseMonitor.java:1990)
	at org.apache.derby.impl.services.monitor.TopService.bootModule(TopService.java:334)
	at org.apache.derby.impl.services.monitor.BaseMonitor.bootService(BaseMonitor.java:1818)
	at org.apache.derby.impl.services.monitor.BaseMonitor.startProviderService(BaseMonitor.java:1683)
	at org.apache.derby.impl.services.monitor.BaseMonitor.findProviderAndStartService(BaseMonitor.java:1567)
	at org.apache.derby.impl.services.monitor.BaseMonitor.startPersistentService(BaseMonitor.java:988)
	at org.apache.derby.iapi.services.monitor.Monitor.startPersistentService(Monitor.java:598)
	at org.apache.derby.impl.jdbc.EmbedConnection.startPersistentService(EmbedConnection.java:3994)
	at org.apache.derby.impl.jdbc.EmbedConnection.bootDatabase(EmbedConnection.java:2809)
	... 16 more
============= end nested exception, level (1) ===========
============= begin nested exception, level (2) ===========
ERROR XSDB6: Another instance of Derby may have already booted the database /home/youssefvdel/Projects/PharmacyDeliverySystem/pharmacyDB.
	at org.apache.derby.shared.common.error.StandardException.newException(StandardException.java:299)
	at org.apache.derby.shared.common.error.StandardException.newException(StandardException.java:294)
	at org.apache.derby.impl.store.raw.data.BaseDataFileFactory.privGetJBMSLockOnDB(BaseDataFileFactory.java:2075)
	at org.apache.derby.impl.store.raw.data.BaseDataFileFactory.run(BaseDataFileFactory.java:2900)
	at org.apache.derby.impl.store.raw.data.BaseDataFileFactory.getJBMSLockOnDB(BaseDataFileFactory.java:1883)
	at org.apache.derby.impl.store.raw.data.BaseDataFileFactory.boot(BaseDataFileFactory.java:339)
	at org.apache.derby.impl.services.monitor.BaseMonitor.boot(BaseMonitor.java:1990)
	at org.apache.derby.impl.services.monitor.TopService.bootModule(TopService.java:334)
	at org.apache.derby.impl.services.monitor.BaseMonitor.startModule(BaseMonitor.java:527)
	at org.apache.derby.impl.services.monitor.FileMonitor.startModule(FileMonitor.java:45)
	at org.apache.derby.iapi.services.monitor.Monitor.bootServiceModule(Monitor.java:460)
	at org.apache.derby.impl.store.raw.RawStore.bootServiceModule(RawStore.java:2885)
	at org.apache.derby.impl.store.raw.RawStore.boot(RawStore.java:187)
	at org.apache.derby.impl.services.monitor.BaseMonitor.boot(BaseMonitor.java:1990)
	at org.apache.derby.impl.services.monitor.TopService.bootModule(TopService.java:334)
	at org.apache.derby.impl.services.monitor.BaseMonitor.startModule(BaseMonitor.java:527)
	at org.apache.derby.impl.services.monitor.FileMonitor.startModule(FileMonitor.java:45)
	at org.apache.derby.iapi.services.monitor.Monitor.bootServiceModule(Monitor.java:460)
	at org.apache.derby.impl.store.access.RAMAccessManager.bootServiceModule(RAMAccessManager.java:1332)
	at org.apache.derby.impl.store.access.RAMAccessManager.boot(RAMAccessManager.java:1035)
	at org.apache.derby.impl.services.monitor.BaseMonitor.boot(BaseMonitor.java:1990)
	at org.apache.derby.impl.services.monitor.TopService.bootModule(TopService.java:334)
	at org.apache.derby.impl.services.monitor.BaseMonitor.startModule(BaseMonitor.java:527)
	at org.apache.derby.impl.services.monitor.FileMonitor.startModule(FileMonitor.java:45)
	at org.apache.derby.iapi.services.monitor.Monitor.bootServiceModule(Monitor.java:460)
	at org.apache.derby.impl.db.BasicDatabase.bootServiceModule(BasicDatabase.java:945)
	at org.apache.derby.impl.db.BasicDatabase.bootStore(BasicDatabase.java:773)
	at org.apache.derby.impl.db.BasicDatabase.boot(BasicDatabase.java:182)
	at org.apache.derby.impl.services.monitor.BaseMonitor.boot(BaseMonitor.java:1990)
	at org.apache.derby.impl.services.monitor.TopService.bootModule(TopService.java:334)
	at org.apache.derby.impl.services.monitor.BaseMonitor.bootService(BaseMonitor.java:1818)
	at org.apache.derby.impl.services.monitor.BaseMonitor.startProviderService(BaseMonitor.java:1683)
	at org.apache.derby.impl.services.monitor.BaseMonitor.findProviderAndStartService(BaseMonitor.java:1567)
	at org.apache.derby.impl.services.monitor.BaseMonitor.startPersistentService(BaseMonitor.java:988)
	at org.apache.derby.iapi.services.monitor.Monitor.startPersistentService(Monitor.java:598)
	at org.apache.derby.impl.jdbc.EmbedConnection.startPersistentService(EmbedConnection.java:3994)
	at org.apache.derby.impl.jdbc.EmbedConnection.bootDatabase(EmbedConnection.java:2809)
	at org.apache.derby.impl.jdbc.EmbedConnection.<init>(EmbedConnection.java:406)
	at org.apache.derby.iapi.jdbc.InternalDriver.getNewEmbedConnection(InternalDriver.java:629)
	at org.apache.derby.iapi.jdbc.InternalDriver.connect(InternalDriver.java:295)
	at org.apache.derby.iapi.jdbc.InternalDriver.connect(InternalDriver.java:921)
	at org.apache.derby.iapi.jdbc.AutoloadedDriver.connect(AutoloadedDriver.java:132)
	at java.sql/java.sql.DriverManager.getConnection(DriverManager.java:613)
	at java.sql/java.sql.DriverManager.getConnection(DriverManager.java:160)
	at org.apache.derby.impl.tools.ij.ij.dynamicConnection(ij.java:1508)
	at org.apache.derby.impl.tools.ij.ij.ConnectStatement(ij.java:1338)
	at org.apache.derby.impl.tools.ij.ij.ijStatement(ij.java:1119)
	at org.apache.derby.impl.tools.ij.utilMain.runScriptGuts(utilMain.java:353)
	at org.apache.derby.impl.tools.ij.utilMain.go(utilMain.java:251)
	at org.apache.derby.impl.tools.ij.Main.go(Main.java:214)
	at org.apache.derby.impl.tools.ij.Main.mainCore(Main.java:169)
	at org.apache.derby.impl.tools.ij.Main.main(Main.java:71)
	at org.apache.derby.tools.ij.main(ij.java:59)
============= end nested exception, level (2) ===========
Cleanup action completed
